Mon Jan 22 2018 20:52:40 GMT+0800 (中国标准时间): GET /
Mon Jan 22 2018 20:52:40 GMT+0800 (中国标准时间): GET /favicon.ico
Mon Jan 22 2018 20:52:54 GMT+0800 (中国标准时间): GET /
Mon Jan 22 2018 20:52:55 GMT+0800 (中国标准时间): GET /
Mon Jan 22 2018 20:52:57 GMT+0800 (中国标准时间): GET /
Mon Jan 22 2018 20:52:57 GMT+0800 (中国标准时间): GET /about
Mon Jan 22 2018 20:52:59 GMT+0800 (中国标准时间): GET /
Mon Jan 22 2018 20:53:28 GMT+0800 (中国标准时间): GET /
Mon Jan 22 2018 20:53:30 GMT+0800 (中国标准时间): GET /projects
Tue Jan 23 2018 12:59:10 GMT+0800 (CST): GET /
Tue Jan 23 2018 12:59:11 GMT+0800 (CST): GET /favicon.ico
Tue Jan 23 2018 12:59:18 GMT+0800 (CST): GET /
Tue Jan 23 2018 12:59:18 GMT+0800 (CST): GET /favicon.ico
Tue Jan 23 2018 12:59:22 GMT+0800 (CST): GET /
Tue Jan 23 2018 14:18:36 GMT+0800 (CST): GET /
Tue Jan 23 2018 14:22:03 GMT+0800 (CST): GET /about
Tue Jan 23 2018 14:22:05 GMT+0800 (CST): GET /projects
Tue Jan 23 2018 14:22:06 GMT+0800 (CST): GET /about
Tue Jan 23 2018 14:22:08 GMT+0800 (CST): GET /about
Tue Jan 23 2018 14:22:11 GMT+0800 (CST): GET /projects
Tue Jan 23 2018 14:22:14 GMT+0800 (CST): GET /projects
Tue Jan 23 2018 14:22:16 GMT+0800 (CST): GET /about
Tue Jan 23 2018 14:23:29 GMT+0800 (CST): GET /about
Tue Jan 23 2018 14:23:30 GMT+0800 (CST): GET /favicon.ico
Tue Jan 23 2018 14:23:31 GMT+0800 (CST): GET /about
Tue Jan 23 2018 14:23:32 GMT+0800 (CST): GET /projects
Tue Jan 23 2018 14:23:39 GMT+0800 (CST): GET /projects
Tue Jan 23 2018 14:23:40 GMT+0800 (CST): GET /favicon.ico
Tue Jan 23 2018 14:23:41 GMT+0800 (CST): GET /
Tue Jan 23 2018 14:24:04 GMT+0800 (CST): GET /
Tue Jan 23 2018 14:24:05 GMT+0800 (CST): GET /about
Tue Jan 23 2018 14:24:06 GMT+0800 (CST): GET /projects
Tue Jan 23 2018 14:31:16 GMT+0800 (CST): GET /projects
Tue Jan 23 2018 14:33:05 GMT+0800 (CST): GET /projects
Tue Jan 23 2018 14:33:26 GMT+0800 (CST): GET /projects
Tue Jan 23 2018 14:33:58 GMT+0800 (CST): GET /
Tue Jan 23 2018 14:34:10 GMT+0800 (CST): GET /about
Tue Jan 23 2018 14:34:12 GMT+0800 (CST): GET /
Tue Jan 23 2018 14:40:20 GMT+0800 (CST): GET /
Tue Jan 23 2018 14:41:51 GMT+0800 (CST): GET /
Tue Jan 23 2018 14:41:56 GMT+0800 (CST): GET /
Tue Jan 23 2018 14:41:58 GMT+0800 (CST): GET /about
Tue Jan 23 2018 14:42:01 GMT+0800 (CST): GET /projects
Tue Jan 23 2018 14:42:03 GMT+0800 (CST): GET /
Tue Jan 23 2018 14:42:43 GMT+0800 (CST): GET /
Tue Jan 23 2018 14:42:57 GMT+0800 (CST): GET /
Tue Jan 23 2018 14:43:01 GMT+0800 (CST): GET /about
Tue Jan 23 2018 14:43:03 GMT+0800 (CST): GET /projects
Tue Jan 23 2018 14:43:05 GMT+0800 (CST): GET /
Tue Jan 23 2018 14:44:15 GMT+0800 (CST): GET /
Tue Jan 23 2018 14:45:23 GMT+0800 (CST): GET /
Tue Jan 23 2018 14:45:25 GMT+0800 (CST): GET /about
Tue Jan 23 2018 14:45:27 GMT+0800 (CST): GET /projects
